Determining if the pthread_create exist failed with the following output:
Change Dir: /home/user/AdaptiveEvalbundle/BSW/em/addon/amsr-vector-fs-em-executionmanager-demo-application/build/CMakeFiles/CMakeTmp

Run Build Command:"/usr/bin/make" "cmTC_d493a/fast"
/usr/bin/make -f CMakeFiles/cmTC_d493a.dir/build.make CMakeFiles/cmTC_d493a.dir/build
make[1]: Entering directory '/home/user/AdaptiveEvalbundle/BSW/em/addon/amsr-vector-fs-em-executionmanager-demo-application/build/CMakeFiles/CMakeTmp'
Building C object CMakeFiles/cmTC_d493a.dir/CheckSymbolExists.c.o
/usr/bin/cc     -o CMakeFiles/cmTC_d493a.dir/CheckSymbolExists.c.o   -c /home/user/AdaptiveEvalbundle/BSW/em/addon/amsr-vector-fs-em-executionmanager-demo-application/build/CMakeFiles/CMakeTmp/CheckSymbolExists.c
Linking C executable cmTC_d493a
/usr/bin/cmake -E cmake_link_script CMakeFiles/cmTC_d493a.dir/link.txt --verbose=1
/usr/bin/cc       CMakeFiles/cmTC_d493a.dir/CheckSymbolExists.c.o  -o cmTC_d493a -rdynamic 
CMakeFiles/cmTC_d493a.dir/CheckSymbolExists.c.o: In function `main':
CheckSymbolExists.c:(.text+0x16): undefined reference to `pthread_create'
collect2: error: ld returned 1 exit status
CMakeFiles/cmTC_d493a.dir/build.make:97: recipe for target 'cmTC_d493a' failed
make[1]: *** [cmTC_d493a] Error 1
make[1]: Leaving directory '/home/user/AdaptiveEvalbundle/BSW/em/addon/amsr-vector-fs-em-executionmanager-demo-application/build/CMakeFiles/CMakeTmp'
Makefile:126: recipe for target 'cmTC_d493a/fast' failed
make: *** [cmTC_d493a/fast] Error 2

File /home/user/AdaptiveEvalbundle/BSW/em/addon/amsr-vector-fs-em-executionmanager-demo-application/build/CMakeFiles/CMakeTmp/CheckSymbolExists.c:
/* */
#include <pthread.h>

int main(int argc, char** argv)
{
  (void)argv;
#ifndef pthread_create
  return ((int*)(&pthread_create))[argc];
#else
  (void)argc;
  return 0;
#endif
}

Determining if the function pthread_create exists in the pthreads failed with the following output:
Change Dir: /home/user/AdaptiveEvalbundle/BSW/em/addon/amsr-vector-fs-em-executionmanager-demo-application/build/CMakeFiles/CMakeTmp

Run Build Command:"/usr/bin/make" "cmTC_417d1/fast"
/usr/bin/make -f CMakeFiles/cmTC_417d1.dir/build.make CMakeFiles/cmTC_417d1.dir/build
make[1]: Entering directory '/home/user/AdaptiveEvalbundle/BSW/em/addon/amsr-vector-fs-em-executionmanager-demo-application/build/CMakeFiles/CMakeTmp'
Building C object CMakeFiles/cmTC_417d1.dir/CheckFunctionExists.c.o
/usr/bin/cc    -DCHECK_FUNCTION_EXISTS=pthread_create   -o CMakeFiles/cmTC_417d1.dir/CheckFunctionExists.c.o   -c /usr/share/cmake-3.5/Modules/CheckFunctionExists.c
Linking C executable cmTC_417d1
/usr/bin/cmake -E cmake_link_script CMakeFiles/cmTC_417d1.dir/link.txt --verbose=1
/usr/bin/cc   -DCHECK_FUNCTION_EXISTS=pthread_create    CMakeFiles/cmTC_417d1.dir/CheckFunctionExists.c.o  -o cmTC_417d1 -rdynamic -lpthreads 
/usr/bin/ld: cannot find -lpthreads
collect2: error: ld returned 1 exit status
CMakeFiles/cmTC_417d1.dir/build.make:97: recipe for target 'cmTC_417d1' failed
make[1]: *** [cmTC_417d1] Error 1
make[1]: Leaving directory '/home/user/AdaptiveEvalbundle/BSW/em/addon/amsr-vector-fs-em-executionmanager-demo-application/build/CMakeFiles/CMakeTmp'
Makefile:126: recipe for target 'cmTC_417d1/fast' failed
make: *** [cmTC_417d1/fast] Error 2


